<?xml version="1.0" encoding="UTF-8"?>
<!-- Generated by org.testng.reporters.JUnitXMLReporter -->
<testsuite ignored="0" hostname="LAPTOP-6UNA8P7R" failures="0" tests="3" name="Test" time="25.931" errors="0" timestamp="2021-11-27T02:22:45 EST">
  <testcase classname="Academy.HomePage" name="basePageNavigation" time="9.009"/>
  <testcase classname="Academy.HomePage" name="basePageNavigation" time="3.596"/>
  <testcase classname="Academy.validateTitle" name="basePageNavigation" time="0.06"/>
</testsuite> <!-- Test -->
