<?xml version="1.0" encoding="UTF-8"?>
<!-- Generated by org.testng.reporters.JUnitXMLReporter -->
<testsuite ignored="0" hostname="LAPTOP-6UNA8P7R" failures="1" tests="1" name="Validating text in home page" time="7.878" errors="0" timestamp="2021-11-28T23:08:19 EST">
  <testcase classname="Academy.validateTitle" name="ValidateTitle" time="0.07">
    <failure type="junit.framework.ComparisonFailure" message="expected:&amp;lt;FEATURED []COURSES&amp;gt; but was:&amp;lt;FEATURED [01]COURSES&amp;gt;">
      <![CDATA[junit.framework.ComparisonFailure: expected:<FEATURED []COURSES> but was:<FEATURED [01]COURSES>
at junit.framework.Assert.assertEquals(Assert.java:100)
at junit.framework.Assert.assertEquals(Assert.java:107)
at Academy.validateTitle.ValidateTitle(validateTitle.java:44)
at java.base/java.util.ArrayList.forEach(ArrayList.java:1511)
at java.base/java.util.concurrent.FutureTask.run(FutureTask.java:264)
at java.base/java.util.concurrent.ThreadPoolExecutor.runWorker(ThreadPoolExecutor.java:1130)
at java.base/java.util.concurrent.ThreadPoolExecutor$Worker.run(ThreadPoolExecutor.java:630)
at java.base/java.lang.Thread.run(Thread.java:831)
... Removed 18 stack frames]]>
    </failure>
  </testcase> <!-- ValidateTitle -->
</testsuite> <!-- Validating text in home page -->
