<?xml version="1.0" encoding="UTF-8"?>
<!-- Generated by org.testng.reporters.JUnitXMLReporter -->
<testsuite hostname="LAPTOP-6UNA8P7R" ignored="0" name="Test" tests="4" failures="0" timestamp="27 Nov 2021 07:32:54 GMT" time="26.274" errors="0">
  <testcase name="basePageNavigation" time="0.085" classname="Academy.validateNavigationBar"/>
  <testcase name="basePageNavigation" time="7.962" classname="Academy.HomePage"/>
  <testcase name="basePageNavigation" time="3.378" classname="Academy.HomePage"/>
  <testcase name="basePageNavigation" time="0.038" classname="Academy.validateTitle"/>
</testsuite> <!-- Test -->
