<?xml version="1.0" encoding="UTF-8"?>
<!-- Generated by org.testng.reporters.JUnitXMLReporter -->
<testsuite hostname="LAPTOP-6UNA8P7R" ignored="0" name="Validating text in home page" tests="1" failures="1" timestamp="29 Nov 2021 02:42:20 GMT" time="16.113" errors="0">
  <testcase name="ValidateTitle" time="0.118" classname="Academy.validateTitle">
    <failure type="junit.framework.ComparisonFailure" message="expected:&amp;lt;FEATURED []COURSES&amp;gt; but was:&amp;lt;FEATURED [01]COURSES&amp;gt;">
      <![CDATA[junit.framework.ComparisonFailure: expected:<FEATURED []COURSES> but was:<FEATURED [01]COURSES>
at junit.framework.Assert.assertEquals(Assert.java:100)
at junit.framework.Assert.assertEquals(Assert.java:107)
at Academy.validateTitle.ValidateTitle(validateTitle.java:44)
at java.util.concurrent.FutureTask.run(FutureTask.java:266)
at java.util.concurrent.ThreadPoolExecutor.runWorker(ThreadPoolExecutor.java:1149)
at java.util.concurrent.ThreadPoolExecutor$Worker.run(ThreadPoolExecutor.java:624)
at java.lang.Thread.run(Thread.java:748)
... Removed 16 stack frames]]>
    </failure>
  </testcase> <!-- ValidateTitle -->
</testsuite> <!-- Validating text in home page -->
