<?xml version="1.0" encoding="UTF-8"?>
<testsuite xmlns:xsi="http://www.w3.org/2001/XMLSchema-instance" xsi:noNamespaceSchemaLocation="https://maven.apache.org/surefire/maven-surefire-plugin/xsd/surefire-test-report-3.0.xsd" version="3.0" name="TestSuite" time="24.88" tests="4" errors="0" skipped="0" failures="1">
  <properties>
[...]
</properties>
  <testcase name="ValidateTitle" classname="Academy.validateTitle" time="0.156">
    <failure message="expected:&lt;FEATURED []COURSES&gt; but was:&lt;FEATURED [01]COURSES&gt;" type="junit.framework.ComparisonFailure"><![CDATA[junit.framework.ComparisonFailure: expected:<FEATURED []COURSES> but was:<FEATURED [01]COURSES>
	at Academy.validateTitle.ValidateTitle(validateTitle.java:44)
]]></failure>
    <system-out><![CDATA[[TestNGContentHandler] [WARN] It is strongly recommended to add "<!DOCTYPE suite SYSTEM "http://testng.org/testng-1.0.dtd" >" at the top of your file, otherwise TestNG may fail or not work as expected.
firefox
firefox
firefox
https://www.qaclickacademy.com/
https://www.qaclickacademy.com/
https://www.qaclickacademy.com/
https://www.qaclickacademy.com/
FEATURED COURSES
]]></system-out>
    <system-err><![CDATA[1638153725105	geckodriver	INFO	Listening on 127.0.0.1:36027
1638153725111	geckodriver	INFO	Listening on 127.0.0.1:15655
1638153725120	geckodriver	INFO	Listening on 127.0.0.1:31661
1638153725815	mozrunner::r1unn6er3	I8NF1O	5Ru3nn7in2g5 c8om1m5an	dm:oz r"uC:n\n\Perro:g:rraumn nFeirl	eIs\N\FMoOz	iRll1uan 6Fniir3enf8go1 x\5c\ofi3mrme7fa2onx5.d8e:x1e "6" 	C"m-:-\om\azrPrirouonnegnraemr:t :Friutlnensee\"\rM o	"I-zNnFioOl-	lrRaeu mnFniotngei " r"c-oepmfrmooaxfni\d\l:fe i""r Ce":fC\o:\x\P.\reUoxsgeer"rs\ am"\O- w-neFmria\lr\eiAsop\np\eDMtoatzetil"al a\ "\F-iLnroeo-frcoeaxmo\lt\e\fi"r \e"T-pefrmoofpxi\l.e\"er x"uCe:s"\t\ U_s"em-ro-sz\mp\Oarwornfeirio\l\neAepCptPDtaBteav"\j\ LX"o"c-a
nl\o\T-ermpe\\mroustt_em"oz p"ro-fiplreo6fBSiWlDe0""
 "C:\\Users\\Owner\\AppData\\Local\\Temp\\rust_mozprofileeM8SJH"
16381537264111	M6a3ri8o1n5e3t7t2e6	411I61N3	F8MOa1	r5Mi3ao7rn2ie6ot4nt1eet2	tIeN FeOn		aMbalreiMda
rionoentettet enablee	dIN
FO	Marionette enabled
console.warn: SearchSettings: "get: No settings file exists, new profile?" (new NotFoundError("Could not open the file at C:\\Users\\Owner\\AppData\\Local\\Temp\\rust_mozprofileeM8SJH\\search.json.mozlz4", (void 0)))
console.warn: SearchSettings: "get: No settings file exists, new profile?" (new NotFoundError("Could not open the file at C:\\Users\\Owner\\AppData\\Local\\Temp\\rust_mozprofile6BSWD0\\search.json.mozlz4", (void 0)))
console.warn: SearchSettings: "get: No settings file exists, new profile?" (new NotFoundError("Could not open the file at C:\\Users\\Owner\\AppData\\Local\\Temp\\rust_mozprofileCPBvjX\\search.json.mozlz4", (void 0)))
1638153730832	Marionette	INFO	Listening on port 62734
1638153730854	Marionette	INFO	Listening on port 62733
1638153730942	Marionette	INFO	Listening on port 62735
1638153731232	RemoteAgent	WARN	TLS certificate errors will be ignored for this session
1638153731264	RemoteAgent	WARN	TLS certificate errors will be ignored for this session
Nov 28, 2021 9:42:11 PM org.openqa.selenium.remote.ProtocolHandshake createSession
INFO: Detected dialect: W3C
Nov 28, 2021 9:42:11 PM org.openqa.selenium.remote.ProtocolHandshake createSession
INFO: Detected dialect: W3C
1638153731367	RemoteAgent	WARN	TLS certificate errors will be ignored for this session
Nov 28, 2021 9:42:11 PM org.openqa.selenium.remote.ProtocolHandshake createSession
INFO: Detected dialect: W3C
]]></system-err>
  </testcase>
  <testcase name="ValidateNavigation" classname="Academy.validateNavigationBar" time="0.143"/>
  <testcase name="basePageNavigation[surya@yahoo.com, 12344, Restricted User](1)" classname="Academy.HomePage" time="4.258">
    <system-err><![CDATA[1638153738114	Marionette	INFO	Stopped listening on port 62733
JavaScript error: resource://gre/modules/Sqlite.jsm, line 1059: Error: Sqlite.jsm has been shutdown. Cannot open connection to: C:\Users\Owner\AppData\Local\Temp\rust_mozprofileeM8SJH\protections.sqlite

###!!! [Child][RunMessage] Error: Channel closing: too late to send/recv, messages will be lost

1638153738978	Marionette	INFO	Stopped listening on port 62735

###!!! [Parent][MessageChannel] Error: (msgtype=0x39014D,name=PContent::Reply_DiscardBrowsingContext) Closed channel: cannot send/recv


###!!! [Parent][MessageChannel] Error: (msgtype=0x39014D,name=PContent::Reply_DiscardBrowsingContext) Closed channel: cannot send/recv


###!!! [Child][MessageChannel] Error: (msgtype=0x590008,name=PHttpChannel::Msg_DeletingChannel) Channel closing: too late to send/recv, messages will be lost


###!!! [Parent][MessageChannel] Error: (msgtype=0x39014D,name=PContent::Reply_DiscardBrowsingContext) Closed channel: cannot send/recv


###!!! [Child][RunMessage] Error: Channel closing: too late to send/recv, messages will be lost


###!!! [Child][MessageChannel] Error: (msgtype=0x390145,name=PContent::Msg_ScriptError) Channel closing: too late to send/recv, messages will be lost


###!!! [Child][MessageChannel] Error: (msgtype=0x390145,name=PContent::Msg_ScriptError) Channel closing: too late to send/recv, messages will be lost


###!!! [Child][RunMessage] Error: Channel closing: too late to send/recv, messages will be lost


###!!! [Child][RunMessage] Error: Channel closing: too late to send/recv, messages will be lost


###!!! [Child][RunMessage] Error: Channel closing: too late to send/recv, messages will be lost


###!!! [Child][RunMessage] Error: Channel closing: too late to send/recv, messages will be lost


###!!! [Child][RunMessage] Error: Channel closing: too late to send/recv, messages will be lost


###!!! [Child][RunMessage] Error: Channel closing: too late to send/recv, messages will be lost


###!!! [Child][RunMessage] Error: Channel closing: too late to send/recv, messages will be lost


###!!! [Child][RunMessage] Error: Channel closing: too late to send/recv, messages will be lost


###!!! [Child][RunMessage] Error: Channel closing: too late to send/recv, messages will be lost


###!!! [Child][RunMessage] Error: Channel closing: too late to send/recv, messages will be lost


###!!! [Child][RunMessage] Error: Channel closing: too late to send/recv, messages will be lost


###!!! [Child][MessageChannel] Error: (msgtype=0x390145,name=PContent::Msg_ScriptError) Channel closing: too late to send/recv, messages will be lost


###!!! [Child][MessageChannel] Error: (msgtype=0x390145,name=PContent::Msg_ScriptError) Channel closing: too late to send/recv, messages will be lost


###!!! [Child][RunMessage] Error: Channel closing: too late to send/recv, messages will be lost


###!!! [Parent][MessageChannel] Error: (msgtype=0x39007A,name=PContent::Msg_DestroyBrowsingContextGroup) Closed channel: cannot send/recv

JavaScript error: resource://gre/modules/Sqlite.jsm, line 1059: Error: Sqlite.jsm has been shutdown. Cannot open connection to: C:\Users\Owner\AppData\Local\Temp\rust_mozprofileCPBvjX\protections.sqlite
]]></system-err>
  </testcase>
  <testcase name="basePageNavigation[pran@yahoo.com, 14566, Non Restricted User](2)" classname="Academy.HomePage" time="4.95"/>
</testsuite>