<?xml version="1.0" encoding="UTF-8"?>
<testng-results skipped="0" failed="1" ignored="0" total="4" passed="3">
  <reporter-output>
  </reporter-output>
  <suite name="Suite" duration-ms="23231" started-at="2021-11-29T02:42:04Z" finished-at="2021-11-29T02:42:28Z">
    <groups>
    </groups>
    <test name="Validating Navigation bar displayed or not" duration-ms="15761" started-at="2021-11-29T02:42:04Z" finished-at="2021-11-29T02:42:20Z">
      <class name="Academy.validateNavigationBar">
        <test-method status="PASS" signature="initialize()[pri:0, instance:Academy.validateNavigationBar@68034211]" name="initialize" is-config="true" duration-ms="13102" started-at="2021-11-29T02:42:04Z" finished-at="2021-11-29T02:42:17Z">
          <reporter-output>
          </reporter-output>
        </test-method> <!-- initialize -->
        <test-method status="PASS" signature="ValidateNavigation()[pri:0, instance:Academy.validateNavigationBar@68034211]" name="ValidateNavigation" duration-ms="146" started-at="2021-11-29T02:42:17Z" finished-at="2021-11-29T02:42:18Z">
          <reporter-output>
          </reporter-output>
        </test-method> <!-- ValidateNavigation -->
        <test-method status="PASS" signature="teardown()[pri:0, instance:Academy.validateNavigationBar@68034211]" name="teardown" is-config="true" duration-ms="2509" started-at="2021-11-29T02:42:18Z" finished-at="2021-11-29T02:42:20Z">
          <reporter-output>
          </reporter-output>
        </test-method> <!-- teardown -->
      </class> <!-- Academy.validateNavigationBar -->
    </test> <!-- Validating Navigation bar displayed or not -->
    <test name="Validating text in home page" duration-ms="16113" started-at="2021-11-29T02:42:04Z" finished-at="2021-11-29T02:42:20Z">
      <class name="Academy.validateTitle">
        <test-method status="PASS" signature="initialize()[pri:0, instance:Academy.validateTitle@b83a9be]" name="initialize" is-config="true" duration-ms="12537" started-at="2021-11-29T02:42:04Z" finished-at="2021-11-29T02:42:17Z">
          <reporter-output>
          </reporter-output>
        </test-method> <!-- initialize -->
        <test-method status="FAIL" signature="ValidateTitle()[pri:0, instance:Academy.validateTitle@b83a9be]" name="ValidateTitle" duration-ms="118" started-at="2021-11-29T02:42:17Z" finished-at="2021-11-29T02:42:17Z">
          <exception class="junit.framework.ComparisonFailure">
            <message>
              <![CDATA[expected:<FEATURED []COURSES> but was:<FEATURED [01]COURSES>]]>
            </message>
            <full-stacktrace>
              <![CDATA[junit.framework.ComparisonFailure: expected:<FEATURED []COURSES> but was:<FEATURED [01]COURSES>
at junit.framework.Assert.assertEquals(Assert.java:100)
at junit.framework.Assert.assertEquals(Assert.java:107)
at Academy.validateTitle.ValidateTitle(validateTitle.java:44)
at sun.reflect.NativeMethodAccessorImpl.invoke0(Native Method)
at sun.reflect.NativeMethodAccessorImpl.invoke(NativeMethodAccessorImpl.java:62)
at sun.reflect.DelegatingMethodAccessorImpl.invoke(DelegatingMethodAccessorImpl.java:43)
at java.lang.reflect.Method.invoke(Method.java:498)
at org.testng.internal.MethodInvocationHelper.invokeMethod(MethodInvocationHelper.java:124)
at org.testng.internal.Invoker.invokeMethod(Invoker.java:583)
at org.testng.internal.Invoker.invokeTestMethod(Invoker.java:719)
at org.testng.internal.Invoker.invokeTestMethods(Invoker.java:989)
at org.testng.internal.TestMethodWorker.invokeTestMethods(TestMethodWorker.java:125)
at org.testng.internal.TestMethodWorker.run(TestMethodWorker.java:109)
at org.testng.TestRunner.privateRun(TestRunner.java:648)
at org.testng.TestRunner.run(TestRunner.java:505)
at org.testng.SuiteRunner.runTest(SuiteRunner.java:455)
at org.testng.SuiteRunner.access$000(SuiteRunner.java:40)
at org.testng.SuiteRunner$SuiteWorker.run(SuiteRunner.java:489)
at org.testng.internal.thread.ThreadUtil$1.call(ThreadUtil.java:52)
at java.util.concurrent.FutureTask.run(FutureTask.java:266)
at java.util.concurrent.ThreadPoolExecutor.runWorker(ThreadPoolExecutor.java:1149)
at java.util.concurrent.ThreadPoolExecutor$Worker.run(ThreadPoolExecutor.java:624)
at java.lang.Thread.run(Thread.java:748)
]]>
            </full-stacktrace>
          </exception> <!-- junit.framework.ComparisonFailure -->
          <reporter-output>
          </reporter-output>
        </test-method> <!-- ValidateTitle -->
        <test-method status="PASS" signature="teardown()[pri:0, instance:Academy.validateTitle@b83a9be]" name="teardown" is-config="true" duration-ms="1998" started-at="2021-11-29T02:42:18Z" finished-at="2021-11-29T02:42:20Z">
          <reporter-output>
          </reporter-output>
        </test-method> <!-- teardown -->
      </class> <!-- Academy.validateTitle -->
    </test> <!-- Validating text in home page -->
    <test name="Validating login or not" duration-ms="23231" started-at="2021-11-29T02:42:04Z" finished-at="2021-11-29T02:42:28Z">
      <class name="Academy.HomePage">
        <test-method status="PASS" signature="initialize()[pri:0, instance:Academy.HomePage@1d483de4]" name="initialize" is-config="true" duration-ms="6575" started-at="2021-11-29T02:42:04Z" finished-at="2021-11-29T02:42:11Z">
          <reporter-output>
          </reporter-output>
        </test-method> <!-- initialize -->
        <test-method status="PASS" signature="basePageNavigation(java.lang.String, java.lang.String, java.lang.String)[pri:0, instance:Academy.HomePage@1d483de4]" name="basePageNavigation" duration-ms="10743" started-at="2021-11-29T02:42:11Z" data-provider="getData" finished-at="2021-11-29T02:42:22Z">
          <params>
            <param index="0">
              <value>
                <![CDATA[surya@yahoo.com]]>
              </value>
            </param>
            <param index="1">
              <value>
                <![CDATA[12344]]>
              </value>
            </param>
            <param index="2">
              <value>
                <![CDATA[Restricted User]]>
              </value>
            </param>
          </params>
          <reporter-output>
          </reporter-output>
        </test-method> <!-- basePageNavigation -->
        <test-method status="PASS" signature="basePageNavigation(java.lang.String, java.lang.String, java.lang.String)[pri:0, instance:Academy.HomePage@1d483de4]" name="basePageNavigation" duration-ms="4950" started-at="2021-11-29T02:42:22Z" data-provider="getData" finished-at="2021-11-29T02:42:27Z">
          <params>
            <param index="0">
              <value>
                <![CDATA[pran@yahoo.com]]>
              </value>
            </param>
            <param index="1">
              <value>
                <![CDATA[14566]]>
              </value>
            </param>
            <param index="2">
              <value>
                <![CDATA[Non Restricted User]]>
              </value>
            </param>
          </params>
          <reporter-output>
          </reporter-output>
        </test-method> <!-- basePageNavigation -->
        <test-method status="PASS" signature="teardown()[pri:0, instance:Academy.HomePage@1d483de4]" name="teardown" is-config="true" duration-ms="916" started-at="2021-11-29T02:42:27Z" finished-at="2021-11-29T02:42:28Z">
          <reporter-output>
          </reporter-output>
        </test-method> <!-- teardown -->
      </class> <!-- Academy.HomePage -->
    </test> <!-- Validating login or not -->
  </suite> <!-- Suite -->
</testng-results>
