-------------------------------------------------------------------------------
Test set: TestSuite
-------------------------------------------------------------------------------
Tests run: 4, Failures: 1, Errors: 0, Skipped: 0, Time elapsed: 24.88 s <<< FAILURE! - in TestSuite
Academy.validateTitle.ValidateTitle  Time elapsed: 0.156 s  <<< FAILURE!
junit.framework.ComparisonFailure: expected:<FEATURED []COURSES> but was:<FEATURED [01]COURSES>
	at Academy.validateTitle.ValidateTitle(validateTitle.java:44)

