<?xml version="1.0" encoding="UTF-8"?>
<testng-results ignored="0" total="4" passed="3" failed="1" skipped="0">
  <reporter-output>
  </reporter-output>
  <suite started-at="2021-11-28T23:08:11 EST" name="Suite" finished-at="2021-11-28T23:08:26 EST" duration-ms="15008">
    <groups>
    </groups>
    <test started-at="2021-11-28T23:08:11 EST" name="Validating text in home page" finished-at="2021-11-28T23:08:19 EST" duration-ms="7878">
      <class name="Academy.validateTitle">
        <test-method is-config="true" signature="initialize()[pri:0, instance:Academy.validateTitle@7728643a]" started-at="2021-11-28T23:08:11 EST" name="initialize" finished-at="2021-11-28T23:08:18 EST" duration-ms="7172" status="PASS">
          <reporter-output>
          </reporter-output>
        </test-method> <!-- initialize -->
        <test-method signature="ValidateTitle()[pri:0, instance:Academy.validateTitle@7728643a]" started-at="2021-11-28T23:08:18 EST" name="ValidateTitle" finished-at="2021-11-28T23:08:18 EST" duration-ms="70" status="FAIL">
          <exception class="junit.framework.ComparisonFailure">
            <message>
              <![CDATA[expected:<FEATURED []COURSES> but was:<FEATURED [01]COURSES>]]>
            </message>
            <full-stacktrace>
              <![CDATA[junit.framework.ComparisonFailure: expected:<FEATURED []COURSES> but was:<FEATURED [01]COURSES>
at junit.framework.Assert.assertEquals(Assert.java:100)
at junit.framework.Assert.assertEquals(Assert.java:107)
at Academy.validateTitle.ValidateTitle(validateTitle.java:44)
at java.base/jdk.internal.reflect.NativeMethodAccessorImpl.invoke0(Native Method)
at java.base/jdk.internal.reflect.NativeMethodAccessorImpl.invoke(NativeMethodAccessorImpl.java:78)
at java.base/jdk.internal.reflect.DelegatingMethodAccessorImpl.invoke(DelegatingMethodAccessorImpl.java:43)
at java.base/java.lang.reflect.Method.invoke(Method.java:567)
at org.testng.internal.MethodInvocationHelper.invokeMethod(MethodInvocationHelper.java:133)
at org.testng.internal.TestInvoker.invokeMethod(TestInvoker.java:598)
at org.testng.internal.TestInvoker.invokeTestMethod(TestInvoker.java:173)
at org.testng.internal.MethodRunner.runInSequence(MethodRunner.java:46)
at org.testng.internal.TestInvoker$MethodInvocationAgent.invoke(TestInvoker.java:824)
at org.testng.internal.TestInvoker.invokeTestMethods(TestInvoker.java:146)
at org.testng.internal.TestMethodWorker.invokeTestMethods(TestMethodWorker.java:146)
at org.testng.internal.TestMethodWorker.run(TestMethodWorker.java:128)
at java.base/java.util.ArrayList.forEach(ArrayList.java:1511)
at org.testng.TestRunner.privateRun(TestRunner.java:794)
at org.testng.TestRunner.run(TestRunner.java:596)
at org.testng.SuiteRunner.runTest(SuiteRunner.java:377)
at org.testng.SuiteRunner.access$000(SuiteRunner.java:28)
at org.testng.SuiteRunner$SuiteWorker.run(SuiteRunner.java:418)
at org.testng.internal.thread.ThreadUtil.lambda$execute$0(ThreadUtil.java:64)
at java.base/java.util.concurrent.FutureTask.run(FutureTask.java:264)
at java.base/java.util.concurrent.ThreadPoolExecutor.runWorker(ThreadPoolExecutor.java:1130)
at java.base/java.util.concurrent.ThreadPoolExecutor$Worker.run(ThreadPoolExecutor.java:630)
at java.base/java.lang.Thread.run(Thread.java:831)
]]>
            </full-stacktrace>
          </exception> <!-- junit.framework.ComparisonFailure -->
          <reporter-output>
          </reporter-output>
        </test-method> <!-- ValidateTitle -->
        <test-method is-config="true" signature="teardown()[pri:0, instance:Academy.validateTitle@7728643a]" started-at="2021-11-28T23:08:19 EST" name="teardown" finished-at="2021-11-28T23:08:19 EST" duration-ms="244" status="PASS">
          <reporter-output>
          </reporter-output>
        </test-method> <!-- teardown -->
      </class> <!-- Academy.validateTitle -->
    </test> <!-- Validating text in home page -->
    <test started-at="2021-11-28T23:08:11 EST" name="Validating Navigation bar displayed or not" finished-at="2021-11-28T23:08:20 EST" duration-ms="8952">
      <class name="Academy.validateNavigationBar">
        <test-method is-config="true" signature="initialize()[pri:0, instance:Academy.validateNavigationBar@6e33c391]" started-at="2021-11-28T23:08:11 EST" name="initialize" finished-at="2021-11-28T23:08:19 EST" duration-ms="8098" status="PASS">
          <reporter-output>
          </reporter-output>
        </test-method> <!-- initialize -->
        <test-method signature="ValidateNavigation()[pri:0, instance:Academy.validateNavigationBar@6e33c391]" started-at="2021-11-28T23:08:19 EST" name="ValidateNavigation" finished-at="2021-11-28T23:08:19 EST" duration-ms="84" status="PASS">
          <reporter-output>
          </reporter-output>
        </test-method> <!-- ValidateNavigation -->
        <test-method is-config="true" signature="teardown()[pri:0, instance:Academy.validateNavigationBar@6e33c391]" started-at="2021-11-28T23:08:19 EST" name="teardown" finished-at="2021-11-28T23:08:20 EST" duration-ms="762" status="PASS">
          <reporter-output>
          </reporter-output>
        </test-method> <!-- teardown -->
      </class> <!-- Academy.validateNavigationBar -->
    </test> <!-- Validating Navigation bar displayed or not -->
    <test started-at="2021-11-28T23:08:11 EST" name="Validating login or not" finished-at="2021-11-28T23:08:26 EST" duration-ms="15008">
      <class name="Academy.HomePage">
        <test-method is-config="true" signature="initialize()[pri:0, instance:Academy.HomePage@5949eba8]" started-at="2021-11-28T23:08:11 EST" name="initialize" finished-at="2021-11-28T23:08:13 EST" duration-ms="2044" status="PASS">
          <reporter-output>
          </reporter-output>
        </test-method> <!-- initialize -->
        <test-method signature="basePageNavigation(java.lang.String,java.lang.String,java.lang.String)[pri:0, instance:Academy.HomePage@5949eba8]" started-at="2021-11-28T23:08:13 EST" name="basePageNavigation" data-provider="getData" finished-at="2021-11-28T23:08:22 EST" duration-ms="9350" status="PASS">
          <params>
            <param index="0">
              <value>
                <![CDATA[surya@yahoo.com]]>
              </value>
            </param>
            <param index="1">
              <value>
                <![CDATA[12344]]>
              </value>
            </param>
            <param index="2">
              <value>
                <![CDATA[Restricted User]]>
              </value>
            </param>
          </params>
          <reporter-output>
          </reporter-output>
        </test-method> <!-- basePageNavigation -->
        <test-method signature="basePageNavigation(java.lang.String,java.lang.String,java.lang.String)[pri:0, instance:Academy.HomePage@5949eba8]" started-at="2021-11-28T23:08:22 EST" name="basePageNavigation" data-provider="getData" finished-at="2021-11-28T23:08:26 EST" duration-ms="3381" status="PASS">
          <params>
            <param index="0">
              <value>
                <![CDATA[pran@yahoo.com]]>
              </value>
            </param>
            <param index="1">
              <value>
                <![CDATA[14566]]>
              </value>
            </param>
            <param index="2">
              <value>
                <![CDATA[Non Restricted User]]>
              </value>
            </param>
          </params>
          <reporter-output>
          </reporter-output>
        </test-method> <!-- basePageNavigation -->
        <test-method is-config="true" signature="teardown()[pri:0, instance:Academy.HomePage@5949eba8]" started-at="2021-11-28T23:08:26 EST" name="teardown" finished-at="2021-11-28T23:08:26 EST" duration-ms="136" status="PASS">
          <reporter-output>
          </reporter-output>
        </test-method> <!-- teardown -->
      </class> <!-- Academy.HomePage -->
    </test> <!-- Validating login or not -->
  </suite> <!-- Suite -->
</testng-results>
